<?xml version="1.0" encoding="UTF-8"?>
<testng-results ignored="0" total="1" passed="1" failed="0" skipped="0">
  <reporter-output>
  </reporter-output>
  <suite started-at="2026-02-11T12:39:44 IST" name="suite" finished-at="2026-02-11T12:39:52 IST" duration-ms="7487">
    <groups>
    </groups>
    <test started-at="2026-02-11T12:39:44 IST" name="Test1" finished-at="2026-02-11T12:39:52 IST" duration-ms="7487">
      <class name="Practice090226.MyClass">
        <test-method is-config="true" signature="p1()[pri:0, instance:Practice090226.MyClass@54e1c68b]" started-at="2026-02-11T12:39:44 IST" name="p1" finished-at="2026-02-11T12:39:51 IST" duration-ms="6516" status="PASS">
          <reporter-output>
          </reporter-output>
        </test-method> <!-- p1 -->
        <test-method is-config="true" signature="verifyHomePage()[pri:0, instance:Practice090226.MyClass@54e1c68b]" started-at="2026-02-11T12:39:51 IST" name="verifyHomePage" finished-at="2026-02-11T12:39:51 IST" duration-ms="2" status="PASS">
          <reporter-output>
          </reporter-output>
        </test-method> <!-- verifyHomePage -->
        <test-method signature="inputField()[pri:0, instance:Practice090226.MyClass@54e1c68b]" started-at="2026-02-11T12:39:51 IST" name="inputField" finished-at="2026-02-11T12:39:52 IST" duration-ms="900" status="PASS">
          <reporter-output>
          </reporter-output>
        </test-method> <!-- inputField -->
      </class> <!-- Practice090226.MyClass -->
    </test> <!-- Test1 -->
  </suite> <!-- suite -->
</testng-results>
