<?xml version="1.0" encoding="UTF-8"?>
<testng-results ignored="0" total="1" passed="1" failed="0" skipped="0">
  <reporter-output>
  </reporter-output>
  <suite started-at="2026-02-11T12:41:54 IST" name="Default suite" finished-at="2026-02-11T12:42:01 IST" duration-ms="6717">
    <groups>
    </groups>
    <test started-at="2026-02-11T12:41:54 IST" name="Default test" finished-at="2026-02-11T12:42:01 IST" duration-ms="6717">
      <class name="Practice090226.MyClass">
        <test-method is-config="true" signature="p1()[pri:0, instance:Practice090226.MyClass@cb0755b]" started-at="2026-02-11T12:41:54 IST" name="p1" finished-at="2026-02-11T12:41:59 IST" duration-ms="5399" status="PASS">
          <reporter-output>
          </reporter-output>
        </test-method> <!-- p1 -->
        <test-method is-config="true" signature="verifyHomePage()[pri:0, instance:Practice090226.MyClass@cb0755b]" started-at="2026-02-11T12:41:59 IST" name="verifyHomePage" finished-at="2026-02-11T12:41:59 IST" duration-ms="1" status="PASS">
          <reporter-output>
          </reporter-output>
        </test-method> <!-- verifyHomePage -->
        <test-method signature="inputField()[pri:0, instance:Practice090226.MyClass@cb0755b]" started-at="2026-02-11T12:41:59 IST" name="inputField" finished-at="2026-02-11T12:42:01 IST" duration-ms="1205" status="PASS">
          <reporter-output>
          </reporter-output>
        </test-method> <!-- inputField -->
      </class> <!-- Practice090226.MyClass -->
    </test> <!-- Default test -->
  </suite> <!-- Default suite -->
</testng-results>
