<?xml version="1.0" encoding="UTF-8"?>
<!-- Generated by org.testng.reporters.JUnitXMLReporter -->
<testsuite ignored="0" hostname="LAPTOP-OTQTDMJS" failures="0" tests="1" name="PracticeTests" time="0.071" errors="0" timestamp="2026-02-11T12:05:31 IST">
  <testcase classname="Practice090226.MyBase" name="@BeforeMethod setUp" time="-1.770791731093E9">
    <failure type="org.testng.TestNGException" message="
Can inject only one of &amp;lt;ITestContext, XmlTest, Method, Object[], ITestResult&amp;gt; into a @BeforeMethod annotated setUp.
For more information on native dependency injection please refer to https://testng.org/#_dependency_injection">
      <![CDATA[org.testng.TestNGException: 
Can inject only one of <ITestContext, XmlTest, Method, Object[], ITestResult> into a @BeforeMethod annotated setUp.
For more information on native dependency injection please refer to https://testng.org/#_dependency_injection
at java.base/java.util.ArrayList.forEach(ArrayList.java:1511)
at java.base/java.util.concurrent.FutureTask.run(FutureTask.java:264)
at java.base/java.util.concurrent.ThreadPoolExecutor.runWorker(ThreadPoolExecutor.java:1136)
at java.base/java.util.concurrent.ThreadPoolExecutor$Worker.run(ThreadPoolExecutor.java:635)
at java.base/java.lang.Thread.run(Thread.java:833)
... Removed 18 stack frames]]>
    </failure>
  </testcase> <!-- @BeforeMethod setUp -->
  <testcase classname="Practice090226.MyClass" name="@BeforeMethod verifyHomePage" time="0.0">
    <skipped/>
  </testcase> <!-- @BeforeMethod verifyHomePage -->
  <testcase classname="Practice090226.MyBase" name="@AfterMethod close" time="0.0">
    <skipped/>
  </testcase> <!-- @AfterMethod close -->
  <testcase classname="Practice090226.MyClass" name="inputField" time="0.001">
    <skipped/>
  </testcase> <!-- inputField -->
</testsuite> <!-- PracticeTests -->
